[12:27:16] [main/INFO]: Environment: authHost='https://authserver.mojang.com', accountsHost='https://api.mojang.com', sessionHost='https://sessionserver.mojang.com', servicesHost='https://api.minecraftservices.com', name='PROD'
[12:27:17] [main/INFO]: Reloading ResourceManager: Default, bukkit
[12:27:17] [Worker-Main-5/INFO]: Loaded 7 recipes
[12:27:19] [Server thread/INFO]: Starting minecraft server version 1.16.5
[12:27:19] [Server thread/INFO]: Loading properties
[12:27:20] [Server thread/INFO]: This server is running Paper version git-Paper-794 (MC: 1.16.5) (Implementing API version 1.16.5-R0.1-SNAPSHOT)
[12:27:20] [Server thread/INFO]: Debug logging is disabled
[12:27:20] [Server thread/INFO]: Server Ping Player Sample Count: 12
[12:27:20] [Server thread/INFO]: Using 4 threads for Netty based IO
[12:27:20] [Server thread/INFO]: Default game type: SURVIVAL
[12:27:20] [Server thread/INFO]: Generating keypair
[12:27:20] [Server thread/INFO]: Starting Minecraft server on *:25565
[12:27:20] [Server thread/INFO]: Using default channel type
[12:27:21] [Server thread/INFO]: [PowerCamera] Loading PowerCamera v0.6
[12:27:21] [Server thread/INFO]: [LuckPerms] Loading LuckPerms v5.4.40
[12:27:22] [Server thread/INFO]: [ImageMaps] Loading ImageMaps v1.0.10
[12:27:22] [Server thread/INFO]: [Vault] Loading Vault v1.7.3-b131
[12:27:22] [Server thread/INFO]: [Multiverse-Core] Loading Multiverse-Core v4.3.1-b861
[12:27:22] [Server thread/INFO]: [WorldEdit] Loading WorldEdit v7.2.5+57d5ac9
[12:27:23] [Server thread/INFO]: Got request to register class com.sk89q.worldedit.bukkit.BukkitServerInterface with WorldEdit [com.sk89q.worldedit.extension.platform.PlatformManager@391c7a4d]
[12:27:23] [Server thread/INFO]: [SimplePortals] Loading SimplePortals v1.7.1
[12:27:23] [Server thread/INFO]: [WorldGuard] Loading WorldGuard v7.0.5+3827266
[12:27:23] [Server thread/INFO]: [Citizens] Loading Citizens v2.0.28-SNAPSHOT (build 2404)
[12:27:23] [Server thread/INFO]: [CitizensText] Loading CitizensText v1.2
[12:27:23] [Server thread/INFO]: [CitizensBooks] Loading CitizensBooks v2.5.8
[12:27:23] [Server thread/INFO]: Server permissions file permissions.yml is empty, ignoring it
[12:27:23] [Server thread/INFO]: [LuckPerms] Enabling LuckPerms v5.4.40
[12:27:24] [Server thread/INFO]:         __    
[12:27:24] [Server thread/INFO]:   |    |__)   LuckPerms v5.4.40
[12:27:24] [Server thread/INFO]:   |___ |      Running on Bukkit - Paper
[12:27:24] [Server thread/INFO]: 
[12:27:24] [Server thread/INFO]: [LuckPerms] Loading configuration...
[12:27:24] [Server thread/INFO]: [LuckPerms] Loading storage provider... [H2]
[12:27:26] [Server thread/INFO]: [LuckPerms] Loading internal permission managers...
[12:27:26] [Server thread/INFO]: [LuckPerms] Performing initial data load...
[12:27:26] [Server thread/INFO]: [LuckPerms] Successfully enabled. (took 3155ms)
[12:27:26] [Server thread/INFO]: [Vault] Enabling Vault v1.7.3-b131
[12:27:27] [Server thread/INFO]: [Vault] [Permission] SuperPermissions loaded as backup permission system.
[12:27:27] [Server thread/INFO]: [Vault] Enabled Version 1.7.3-b131
[12:27:27] [Server thread/INFO]: [LuckPerms] Registered Vault permission & chat hook.
[12:27:27] [Server thread/INFO]: [WorldEdit] Enabling WorldEdit v7.2.5+57d5ac9
[12:27:27] [Server thread/INFO]: WEPIF: Vault detected! Using Vault for permissions
[12:27:28] [Server thread/INFO]: Using com.sk89q.worldedit.bukkit.adapter.impl.Spigot_v1_16_R3 as the Bukkit adapter
[12:27:29] [Server thread/INFO]: Preparing level "world"
[12:27:30] [Server thread/INFO]: Registering commands with com.sk89q.worldedit.bukkit.BukkitServerInterface
[12:27:30] [Server thread/INFO]: Preparing start region for dimension minecraft:overworld
[12:27:31] [Server thread/INFO]: Time elapsed: 458 ms
[12:27:31] [Server thread/INFO]: Preparing start region for dimension minecraft:the_nether
[12:27:31] [Server thread/INFO]: Time elapsed: 470 ms
[12:27:31] [Server thread/INFO]: Preparing start region for dimension minecraft:the_end
[12:27:31] [Server thread/INFO]: Time elapsed: 147 ms
[12:27:31] [Server thread/INFO]: [PowerCamera] Enabling PowerCamera v0.6
[12:27:31] [Server thread/INFO]: [PowerCamera] Enabled PowerCamera v0.6
[12:27:31] [Server thread/INFO]: [PowerCamera] If you'd like to donate, please visit https://ko-fi.com/svenar or https://patreon.com/svenar
[12:27:31] [Server thread/INFO]: [ImageMaps] Enabling ImageMaps v1.0.10
[12:27:31] [Server thread/INFO]: [Multiverse-Core] Enabling Multiverse-Core v4.3.1-b861
[12:27:32] [Server thread/WARN]: [Multiverse-Core] "Multiverse-Core v4.3.1-b861" has registered a listener for org.bukkit.event.entity.EntityCreatePortalEvent on method "public void com.onarandombox.MultiverseCore.listeners.MVPortalListener.entityPortalCreate(org.bukkit.event.entity.EntityCreatePortalEvent)", but the event is Deprecated. "Server performance will be affected"; please notify the authors [dumptruckman, Rigby, fernferret, lithium3141, main--].
[12:27:32] [Server thread/INFO]: [Multiverse-Core] We are aware of the warning about the deprecated event. There is no alternative that allows us to do what we need to do and performance impact is negligible. It is safe to ignore.
[12:27:32] [Server thread/INFO]: Preparing start region for dimension minecraft:drd2
[12:27:32] [Server thread/INFO]: Preparing spawn area: 0%
[12:27:33] [Server thread/INFO]: Preparing spawn area: 0%
[12:27:34] [Server thread/INFO]: Preparing spawn area: 0%
[12:27:34] [Server thread/INFO]: Preparing spawn area: 0%
[12:27:34] [Server thread/INFO]: Time elapsed: 1646 ms
[12:27:34] [Server thread/INFO]: Preparing start region for dimension minecraft:drd3
[12:27:34] [Server thread/INFO]: Preparing spawn area: 0%
[12:27:34] [Server thread/INFO]: Time elapsed: 91 ms
[12:27:34] [Server thread/INFO]: Preparing start region for dimension minecraft:drd4
[12:27:34] [Server thread/INFO]: Time elapsed: 144 ms
[12:27:34] [Server thread/INFO]: [Multiverse-Core] 6 - World(s) loaded.
[12:27:34] [Server thread/WARN]: [Multiverse-Core] Buscript failed to load! The script command will be disabled! If you would like not to see this message, use `/mv conf enablebuscript false` to disable Buscript from loading.
[12:27:34] [Server thread/INFO]: [Multiverse-Core] Version 4.3.1-b861 (API v24) Enabled - By dumptruckman, Rigby, fernferret, lithium3141 and main--
[12:27:34] [Server thread/INFO]: [SimplePortals] Enabling SimplePortals v1.7.1
[12:27:34] [Server thread/INFO]: [SimplePortals] Everything inside the configuration seems to be up to date. (Took 3ms)
[12:27:34] [Server thread/INFO]: [SimplePortals] Packets have been setup for v1_16_R3!
[12:27:34] [Server thread/INFO]: [SimplePortals] Everything looks like it is up to date!
[12:27:34] [Server thread/INFO]: [WorldGuard] Enabling WorldGuard v7.0.5+3827266
[12:27:35] [Server thread/INFO]: [WorldGuard] (world) TNT ignition is PERMITTED.
[12:27:35] [Server thread/INFO]: [WorldGuard] (world) Lighters are PERMITTED.
[12:27:35] [Server thread/INFO]: [WorldGuard] (world) Lava fire is PERMITTED.
[12:27:35] [Server thread/INFO]: [WorldGuard] (world) Fire spread is UNRESTRICTED.
[12:27:35] [Server thread/INFO]: [WorldGuard] Loaded configuration for world 'world'
[12:27:35] [Server thread/INFO]: [WorldGuard] (world_nether) TNT ignition is PERMITTED.
[12:27:35] [Server thread/INFO]: [WorldGuard] (world_nether) Lighters are PERMITTED.
[12:27:35] [Server thread/INFO]: [WorldGuard] (world_nether) Lava fire is PERMITTED.
[12:27:35] [Server thread/INFO]: [WorldGuard] (world_nether) Fire spread is UNRESTRICTED.
[12:27:35] [Server thread/INFO]: [WorldGuard] Loaded configuration for world 'world_nether'
[12:27:35] [Server thread/INFO]: [WorldGuard] (world_the_end) TNT ignition is PERMITTED.
[12:27:35] [Server thread/INFO]: [WorldGuard] (world_the_end) Lighters are PERMITTED.
[12:27:35] [Server thread/INFO]: [WorldGuard] (world_the_end) Lava fire is PERMITTED.
[12:27:35] [Server thread/INFO]: [WorldGuard] (world_the_end) Fire spread is UNRESTRICTED.
[12:27:35] [Server thread/INFO]: [WorldGuard] Loaded configuration for world 'world_the_end'
[12:27:35] [Server thread/INFO]: [WorldGuard] (DRD2) TNT ignition is PERMITTED.
[12:27:35] [Server thread/INFO]: [WorldGuard] (DRD2) Lighters are PERMITTED.
[12:27:35] [Server thread/INFO]: [WorldGuard] (DRD2) Lava fire is PERMITTED.
[12:27:35] [Server thread/INFO]: [WorldGuard] (DRD2) Fire spread is UNRESTRICTED.
[12:27:35] [Server thread/INFO]: [WorldGuard] Loaded configuration for world 'DRD2'
[12:27:35] [Server thread/INFO]: [WorldGuard] (DRD3) TNT ignition is PERMITTED.
[12:27:35] [Server thread/INFO]: [WorldGuard] (DRD3) Lighters are PERMITTED.
[12:27:35] [Server thread/INFO]: [WorldGuard] (DRD3) Lava fire is PERMITTED.
[12:27:35] [Server thread/INFO]: [WorldGuard] (DRD3) Fire spread is UNRESTRICTED.
[12:27:35] [Server thread/INFO]: [WorldGuard] Loaded configuration for world 'DRD3'
[12:27:35] [Server thread/INFO]: [WorldGuard] (DRD4) TNT ignition is PERMITTED.
[12:27:35] [Server thread/INFO]: [WorldGuard] (DRD4) Lighters are PERMITTED.
[12:27:35] [Server thread/INFO]: [WorldGuard] (DRD4) Lava fire is PERMITTED.
[12:27:35] [Server thread/INFO]: [WorldGuard] (DRD4) Fire spread is UNRESTRICTED.
[12:27:35] [Server thread/INFO]: [WorldGuard] Loaded configuration for world 'DRD4'
[12:27:35] [Server thread/INFO]: [WorldGuard] Loading region data...
[12:27:36] [Server thread/INFO]: [Citizens] Enabling Citizens v2.0.28-SNAPSHOT (build 2404)
[12:27:36] [Server thread/INFO]: [CitizensText] Enabling CitizensText v1.2
[12:27:36] [Server thread/INFO]: [CitizensBooks] Enabling CitizensBooks v2.5.8
[12:27:36] [Server thread/INFO]: [CitizensBooks] ============== BEGIN LOAD ==============
[12:27:37] [Server thread/INFO]: [CitizensBooks] bStats Metrics starting...
[12:27:37] [Server thread/INFO]: [CitizensBooks] Your server is running version v1_16_R3!
[12:27:37] [Server thread/WARN]: [CitizensBooks] Your server version is incompatbile, but this plugin still tries to work.
[12:27:37] [Server thread/INFO]: [CitizensBooks] LuckPerms found, try hooking!
[12:27:37] [Server thread/INFO]: [CitizensBooks] Vault plugin found, but we'll use LuckPerms!
[12:27:37] [Server thread/INFO]: [CitizensBooks] PlaceholderAPI not found!
[12:27:37] [Server thread/INFO]: [CitizensBooks] Citizens found, try hooking!
[12:27:37] [Server thread/INFO]: [CitizensBooks] Authme not found!
[12:27:37] [Server thread/INFO]: [CitizensBooks] ============== END LOAD ==============
[12:27:37] [Server thread/INFO]: Running delayed init tasks
[12:27:38] [Server thread/INFO]: [Citizens] Loaded 87 NPCs.
[12:27:38] [Server thread/INFO]: [CitizensBooks] Checking for updates...
[12:27:38] [Server thread/INFO]: [CitizensBooks] An update for CitizensBooks (v2.7.1) is available at:
[12:27:38] [Server thread/INFO]: [CitizensBooks] https://www.spigotmc.org/resources/citizensbooks.37465/
[12:27:38] [Server thread/INFO]: Done (19.005s)! For help, type "help"
[12:27:38] [Server thread/INFO]: Timings Reset
[12:27:38] [Craft Scheduler Thread - 2/INFO]: [Vault] Checking for Updates ... 
[12:27:39] [Craft Scheduler Thread - 2/INFO]: [Vault] No new version available
[12:27:39] [Server thread/INFO]: [CitizensText] 0 texts loadeds
[12:29:25] [User Authenticator #1/WARN]: [LuckPerms] LuckPerms already has data for player 'NoTengoTeamsxd' - but this data is stored under a different UUID.
[12:29:25] [User Authenticator #1/WARN]: [LuckPerms] 'NoTengoTeamsxd' has previously used the unique ids [7ec4094d-6d1e-3267-b80e-aa412e66f91d] but is now connecting with '9dae9266-b97c-48c7-99c7-704bafa6faa2'
[12:29:25] [User Authenticator #1/WARN]: [LuckPerms] The UUID the player is connecting with now is Mojang-assigned (type 4). This implies that one of the other servers in your network is not authenticating correctly.
[12:29:25] [User Authenticator #1/WARN]: [LuckPerms] If you're using BungeeCord/Velocity, please ensure that IP-Forwarding is setup correctly on all of your backend servers!
[12:29:25] [User Authenticator #1/WARN]: [LuckPerms] See here for more info: https://luckperms.net/wiki/Network-Installation#pre-setup
[12:29:25] [User Authenticator #1/INFO]: UUID of player NoTengoTeamsxd is 9dae9266-b97c-48c7-99c7-704bafa6faa2
[12:29:26] [Server thread/INFO]: NoTengoTeamsxd joined the game
[12:29:26] [Server thread/INFO]: NoTengoTeamsxd[/181.118.148.130:60481] logged in with entity id 393 at ([world]856.64258925611, 66.20000004768373, 186.04349435925127)
[12:29:35] [Server thread/INFO]: NoTengoTeamsxd issued server command: /gamemode creative
[12:29:45] [User Authenticator #1/INFO]: UUID of player Trainee1T is a3e96488-373b-4929-9fb0-27d6d223e77d
[12:29:45] [Server thread/INFO]: Trainee1T joined the game
[12:29:45] [Server thread/INFO]: Trainee1T[/181.204.170.35:50745] logged in with entity id 498 at ([world]813.6733045381446, 76.0, 347.9907707059081)
[12:30:09] [Server thread/INFO]: NoTengoTeamsxd issued server command: /tp NoTengoTeamsxd Trainee1T
[12:30:14] [User Authenticator #1/INFO]: UUID of player Builder5TP is 3a076a94-19f3-4a55-b0ab-aa6b2879ee02
[12:30:15] [Server thread/INFO]: Builder5TP joined the game
[12:30:15] [Server thread/INFO]: Builder5TP[/181.62.52.135:3664] logged in with entity id 560 at ([world]815.8908989888683, 79.0, 342.0107407766107)
[12:30:19] [Server thread/INFO]: NoTengoTeamsxd issued server command: /tp Trainee1T NoTengoTeamsxd
[12:31:09] [Server thread/INFO]: Builder5TP lost connection: Disconnected
[12:31:09] [Server thread/INFO]: Builder5TP left the game
[12:31:10] [Server thread/INFO]: NoTengoTeamsxd lost connection: Disconnected
[12:31:10] [Server thread/INFO]: NoTengoTeamsxd left the game
[12:31:10] [Server thread/INFO]: Trainee1T lost connection: Disconnected
[12:31:10] [Server thread/INFO]: Trainee1T left the game
[12:31:17] [Server thread/INFO]: Unknown command. Type "/help" for help.
[12:31:24] [Server thread/INFO]: Unknown command. Type "/help" for help.
[12:31:29] [Server thread/INFO]: Unknown command. Type "/help" for help.
[12:31:31] [Server thread/INFO]: Stopping server
[12:31:31] [Server thread/INFO]: [CitizensBooks] Disabling CitizensBooks v2.5.8
[12:31:31] [Server thread/INFO]: [CitizensText] Disabling CitizensText v1.2
[12:31:31] [Server thread/INFO]: [CitizensText] 0 texts saved
[12:31:31] [Server thread/INFO]: [Citizens] Disabling Citizens v2.0.28-SNAPSHOT (build 2404)
[12:31:31] [Server thread/INFO]: [WorldGuard] Disabling WorldGuard v7.0.5+3827266
[12:31:31] [Server thread/INFO]: [WorldGuard] Shutting down executor and cancelling any pending tasks...
[12:31:31] [Server thread/INFO]: [SimplePortals] Disabling SimplePortals v1.7.1
[12:31:31] [Server thread/INFO]: [WorldEdit] Disabling WorldEdit v7.2.5+57d5ac9
[12:31:31] [Server thread/INFO]: Unregistering com.sk89q.worldedit.bukkit.BukkitServerInterface from WorldEdit
[12:31:31] [Server thread/INFO]: [Multiverse-Core] Disabling Multiverse-Core v4.3.1-b861
[12:31:31] [Server thread/INFO]: [Vault] Disabling Vault v1.7.3-b131
[12:31:31] [Server thread/INFO]: [ImageMaps] Disabling ImageMaps v1.0.10
[12:31:31] [Server thread/INFO]: [LuckPerms] Disabling LuckPerms v5.4.40
[12:31:31] [Server thread/INFO]: [LuckPerms] Starting shutdown process...
[12:31:31] [Server thread/INFO]: [LuckPerms] Closing storage...
[12:31:31] [Server thread/INFO]: [LuckPerms] Goodbye!
[12:31:31] [Server thread/INFO]: [PowerCamera] Disabling PowerCamera v0.6
[12:31:31] [Server thread/INFO]: [PowerCamera] Disabled PowerCamera v0.6
[12:31:31] [Server thread/INFO]: Saving players
[12:31:31] [Server thread/INFO]: Saving worlds
[12:31:31] [Server thread/INFO]: Saving chunks for level 'ServerLevel[world]'/minecraft:overworld
[12:31:32] [Server thread/INFO]: ThreadedAnvilChunkStorage (world): All chunks are saved
[12:31:32] [Server thread/INFO]: Saving chunks for level 'ServerLevel[world_nether]'/minecraft:the_nether
[12:31:33] [Server thread/INFO]: ThreadedAnvilChunkStorage (DIM-1): All chunks are saved
[12:31:33] [Server thread/INFO]: Saving chunks for level 'ServerLevel[world_the_end]'/minecraft:the_end
[12:31:33] [Server thread/INFO]: ThreadedAnvilChunkStorage (DIM1): All chunks are saved
[12:31:33] [Server thread/INFO]: Saving chunks for level 'ServerLevel[DRD2]'/minecraft:drd2
[12:31:33] [Server thread/INFO]: ThreadedAnvilChunkStorage (DRD2): All chunks are saved
[12:31:33] [Server thread/INFO]: Saving chunks for level 'ServerLevel[DRD3]'/minecraft:drd3
[12:31:33] [Server thread/INFO]: ThreadedAnvilChunkStorage (DRD3): All chunks are saved
[12:31:33] [Server thread/INFO]: Saving chunks for level 'ServerLevel[DRD4]'/minecraft:drd4
[12:31:33] [Server thread/INFO]: ThreadedAnvilChunkStorage (DRD4): All chunks are saved
[12:31:33] [Server thread/INFO]: ThreadedAnvilChunkStorage (world): All chunks are saved
[12:31:33] [Server thread/INFO]: ThreadedAnvilChunkStorage (DIM-1): All chunks are saved
[12:31:34] [Server thread/INFO]: ThreadedAnvilChunkStorage (DIM1): All chunks are saved
[12:31:34] [Server thread/INFO]: ThreadedAnvilChunkStorage (DRD2): All chunks are saved
[12:31:34] [Server thread/INFO]: ThreadedAnvilChunkStorage (DRD3): All chunks are saved
[12:31:34] [Server thread/INFO]: ThreadedAnvilChunkStorage (DRD4): All chunks are saved
[12:31:34] [Server thread/INFO]: Flushing Chunk IO
[12:31:34] [Server thread/INFO]: Closing Thread Pool
[12:31:34] [Server thread/INFO]: Closing Server
